<?xml version="1.0" encoding="UTF-8"?>
<!-- Generated by org.testng.reporters.JUnitXMLReporter -->
<testsuite ignored="0" hostname="poojitha" failures="1" tests="7" name="Default test" time="76.858" errors="0" timestamp="2026-04-27T13:41:42 IST">
  <testcase classname="io.cucumber.testng.AbstractTestNGCucumberTests" name="runScenario" time="15.261">
    <failure type="java.lang.AssertionError" message="❌ Name not updated expected [ABC] but found []">
      <![CDATA[java.lang.AssertionError: ❌ Name not updated expected [ABC] but found []
at org.testng.Assert.fail(Assert.java:111)
at org.testng.Assert.failNotEquals(Assert.java:1578)
at org.testng.Assert.assertEqualsImpl(Assert.java:150)
at org.testng.Assert.assertEquals(Assert.java:132)
at org.testng.Assert.assertEquals(Assert.java:656)
at com.redbus.testing.stepdefinition.Accounts.verify_profile_details(Accounts.java:81)
at ✽.profile should reflect updated details "ABC" "abc@gmail.com" "female"(file:///C:/Redbus_Selenium_UI_Framework/./src/test/java/com/redbus/testing/featurefiles/Accounts.feature:13)
]]>
    </failure>
  </testcase> <!-- runScenario -->
  <testcase classname="io.cucumber.testng.AbstractTestNGCucumberTests" name="runScenario" time="7.896"/>
  <testcase classname="io.cucumber.testng.AbstractTestNGCucumberTests" name="runScenario" time="10.378"/>
  <testcase classname="io.cucumber.testng.AbstractTestNGCucumberTests" name="runScenario" time="8.382"/>
  <testcase classname="io.cucumber.testng.AbstractTestNGCucumberTests" name="runScenario" time="8.341"/>
  <testcase classname="io.cucumber.testng.AbstractTestNGCucumberTests" name="runScenario" time="8.844"/>
  <testcase classname="io.cucumber.testng.AbstractTestNGCucumberTests" name="runScenario" time="16.531"/>
</testsuite> <!-- Default test -->
