<?xml version="1.0" encoding="UTF-8"?>
<testng-results ignored="0" total="7" passed="6" failed="1" skipped="0">
  <reporter-output>
  </reporter-output>
  <suite started-at="2026-04-20T23:38:38 IST" name="Default suite" finished-at="2026-04-20T23:41:46 IST" duration-ms="187606">
    <groups>
      <group name="cucumber">
        <method signature="AbstractTestNGCucumberTests.runScenario(io.cucumber.testng.PickleWrapper,io.cucumber.testng.FeatureWrapper)[pri:0, instance:com.redbus.testing.testrunner.RunnerIO@5b94b04d]" name="runScenario" class="io.cucumber.testng.AbstractTestNGCucumberTests"/>
      </group> <!-- cucumber -->
    </groups>
    <test started-at="2026-04-20T23:38:38 IST" name="Default test" finished-at="2026-04-20T23:41:46 IST" duration-ms="187606">
      <class name="com.redbus.testing.testrunner.RunnerIO">
        <test-method is-config="true" signature="setUpClass(org.testng.ITestContext)[pri:0, instance:com.redbus.testing.testrunner.RunnerIO@5b94b04d]" started-at="2026-04-20T23:38:38 IST" name="setUpClass" finished-at="2026-04-20T23:38:39 IST" duration-ms="172" status="PASS">
          <params>
            <param index="0">
              <value>
                <![CDATA[org.testng.TestRunner@a316f6b]]>
              </value>
            </param>
          </params>
          <reporter-output>
          </reporter-output>
        </test-method> <!-- setUpClass -->
        <test-method signature="runScenario(io.cucumber.testng.PickleWrapper,io.cucumber.testng.FeatureWrapper)[pri:0, instance:com.redbus.testing.testrunner.RunnerIO@5b94b04d]" started-at="2026-04-20T23:38:39 IST" name="runScenario" description="Runs Cucumber Scenarios" data-provider="scenarios" finished-at="2026-04-20T23:38:50 IST" duration-ms="11746" status="PASS">
          <params>
            <param index="0">
              <value>
                <![CDATA["Verify user can navigate to Hotels page"]]>
              </value>
            </param>
            <param index="1">
              <value>
                <![CDATA["RedBus Hotels Booking Functionality"]]>
              </value>
            </param>
          </params>
          <reporter-output>
          </reporter-output>
        </test-method> <!-- runScenario -->
        <test-method signature="runScenario(io.cucumber.testng.PickleWrapper,io.cucumber.testng.FeatureWrapper)[pri:0, instance:com.redbus.testing.testrunner.RunnerIO@5b94b04d]" started-at="2026-04-20T23:38:50 IST" name="runScenario" description="Runs Cucumber Scenarios" data-provider="scenarios" finished-at="2026-04-20T23:39:06 IST" duration-ms="16017" status="PASS">
          <params>
            <param index="0">
              <value>
                <![CDATA["Click any hotel card in Flash Deals and validate Download App popup is displayed"]]>
              </value>
            </param>
            <param index="1">
              <value>
                <![CDATA["RedBus Hotels Booking Functionality"]]>
              </value>
            </param>
          </params>
          <reporter-output>
          </reporter-output>
        </test-method> <!-- runScenario -->
        <test-method signature="runScenario(io.cucumber.testng.PickleWrapper,io.cucumber.testng.FeatureWrapper)[pri:0, instance:com.redbus.testing.testrunner.RunnerIO@5b94b04d]" started-at="2026-04-20T23:39:06 IST" name="runScenario" description="Runs Cucumber Scenarios" data-provider="scenarios" finished-at="2026-04-20T23:39:38 IST" duration-ms="31778" status="PASS">
          <params>
            <param index="0">
              <value>
                <![CDATA["Search hotels with city, dates, rooms and adults using excel data"]]>
              </value>
            </param>
            <param index="1">
              <value>
                <![CDATA["RedBus Hotels Booking Functionality"]]>
              </value>
            </param>
          </params>
          <reporter-output>
          </reporter-output>
        </test-method> <!-- runScenario -->
        <test-method signature="runScenario(io.cucumber.testng.PickleWrapper,io.cucumber.testng.FeatureWrapper)[pri:0, instance:com.redbus.testing.testrunner.RunnerIO@5b94b04d]" started-at="2026-04-20T23:39:38 IST" name="runScenario" description="Runs Cucumber Scenarios" data-provider="scenarios" finished-at="2026-04-20T23:40:02 IST" duration-ms="23577" status="PASS">
          <params>
            <param index="0">
              <value>
                <![CDATA["Search hotels with children added but child age not selected"]]>
              </value>
            </param>
            <param index="1">
              <value>
                <![CDATA["RedBus Hotels Booking Functionality"]]>
              </value>
            </param>
          </params>
          <reporter-output>
          </reporter-output>
        </test-method> <!-- runScenario -->
        <test-method signature="runScenario(io.cucumber.testng.PickleWrapper,io.cucumber.testng.FeatureWrapper)[pri:0, instance:com.redbus.testing.testrunner.RunnerIO@5b94b04d]" started-at="2026-04-20T23:40:02 IST" name="runScenario" description="Runs Cucumber Scenarios" data-provider="scenarios" finished-at="2026-04-20T23:40:32 IST" duration-ms="30463" status="PASS">
          <params>
            <param index="0">
              <value>
                <![CDATA["Search hotels with children and child age using excel data"]]>
              </value>
            </param>
            <param index="1">
              <value>
                <![CDATA["RedBus Hotels Booking Functionality"]]>
              </value>
            </param>
          </params>
          <reporter-output>
          </reporter-output>
        </test-method> <!-- runScenario -->
        <test-method signature="runScenario(io.cucumber.testng.PickleWrapper,io.cucumber.testng.FeatureWrapper)[pri:0, instance:com.redbus.testing.testrunner.RunnerIO@5b94b04d]" started-at="2026-04-20T23:40:32 IST" name="runScenario" description="Runs Cucumber Scenarios" data-provider="scenarios" finished-at="2026-04-20T23:41:08 IST" duration-ms="35653" status="PASS">
          <params>
            <param index="0">
              <value>
                <![CDATA["Apply hotel filters and validate clear all button with filtered results"]]>
              </value>
            </param>
            <param index="1">
              <value>
                <![CDATA["RedBus Hotels Booking Functionality"]]>
              </value>
            </param>
          </params>
          <reporter-output>
          </reporter-output>
        </test-method> <!-- runScenario -->
        <test-method signature="runScenario(io.cucumber.testng.PickleWrapper,io.cucumber.testng.FeatureWrapper)[pri:0, instance:com.redbus.testing.testrunner.RunnerIO@5b94b04d]" started-at="2026-04-20T23:41:08 IST" name="runScenario" description="Runs Cucumber Scenarios" data-provider="scenarios" finished-at="2026-04-20T23:41:46 IST" duration-ms="38149" status="FAIL">
          <params>
            <param index="0">
              <value>
                <![CDATA["Verify property count matches actual hotel results after applying filters"]]>
              </value>
            </param>
            <param index="1">
              <value>
                <![CDATA["RedBus Hotels Booking Functionality"]]>
              </value>
            </param>
          </params>
          <exception class="java.lang.AssertionError">
            <message>
              <![CDATA[expected [true] but found [false]]]>
            </message>
            <full-stacktrace>
              <![CDATA[java.lang.AssertionError: expected [true] but found [false]
at org.testng.Assert.fail(Assert.java:111)
at org.testng.Assert.failNotEquals(Assert.java:1590)
at org.testng.Assert.assertTrue(Assert.java:57)
at org.testng.Assert.assertTrue(Assert.java:67)
at com.redbus.testing.stepdefinition.HotelsStepDefinition.verify_hotel_results_count_and_message_behavior_are_correct(HotelsStepDefinition.java:222)
at ✽.Verify hotel results count and message behavior are correct(file:///E:/Redbus_Selenium_UI_Framework/./src/test/java/com/redbus/testing/featurefiles/SearchHotels.feature:82)
]]>
            </full-stacktrace>
          </exception> <!-- java.lang.AssertionError -->
          <reporter-output>
          </reporter-output>
        </test-method> <!-- runScenario -->
        <test-method is-config="true" signature="tearDownClass()[pri:0, instance:com.redbus.testing.testrunner.RunnerIO@5b94b04d]" started-at="2026-04-20T23:41:46 IST" name="tearDownClass" finished-at="2026-04-20T23:41:46 IST" duration-ms="3" status="PASS">
          <reporter-output>
          </reporter-output>
        </test-method> <!-- tearDownClass -->
      </class> <!-- com.redbus.testing.testrunner.RunnerIO -->
    </test> <!-- Default test -->
  </suite> <!-- Default suite -->
</testng-results>
