<?xml version="1.0" encoding="UTF-8"?>
<!-- Generated by org.testng.reporters.JUnitReportReporter -->
<testsuite hostname="TAMILSELVI" failures="1" tests="7" name="com.redbus.testing.testrunner.RunnerIO" time="953.028" errors="0" timestamp="2026-04-22T15:38:13 IST" skipped="0">
  <testcase classname="com.redbus.testing.testrunner.RunnerIO" name="runScenario" time="113.312"/>
  <testcase classname="com.redbus.testing.testrunner.RunnerIO" name="runScenario" time="113.166"/>
  <testcase classname="com.redbus.testing.testrunner.RunnerIO" name="runScenario" time="144.221"/>
  <testcase classname="com.redbus.testing.testrunner.RunnerIO" name="runScenario" time="147.265"/>
  <testcase classname="com.redbus.testing.testrunner.RunnerIO" name="runScenario" time="142.675"/>
  <testcase classname="com.redbus.testing.testrunner.RunnerIO" name="runScenario" time="149.714">
    <failure message="expected [true] but found [false]" type="java.lang.AssertionError">
      <![CDATA[java.lang.AssertionError: expected [true] but found [false]
at org.testng.Assert.fail(Assert.java:111)
at org.testng.Assert.failNotEquals(Assert.java:1590)
at org.testng.Assert.assertTrue(Assert.java:57)
at org.testng.Assert.assertTrue(Assert.java:67)
at com.redbus.testing.stepdefinition.HotelsStepDefinition.verify_hotel_results_count_and_message_behavior_are_correct(HotelsStepDefinition.java:222)
at ✽.Verify hotel results count and message behavior are correct(file:///E:/Redbus_Selenium_UI_Framework/./src/test/java/com/redbus/testing/featurefiles/SearchHotels.feature:82)
]]>
    </failure>
  </testcase> <!-- runScenario -->
  <testcase classname="com.redbus.testing.testrunner.RunnerIO" name="runScenario" time="142.675"/>
</testsuite> <!-- com.redbus.testing.testrunner.RunnerIO -->
